[+] Containers:
 |- [+] Container: /Game/Maps/ThirdPersonMap
 |   |- [+] ActorDescs:
 |   |   |- Guid:01FF172C49AB326D4AD33488531FEF80 BaseClass:/Game/ModularDungeon2/Blueprint/BP_Floor_3x3.BP_Floor_3x3_C NativeClass:/Script/Engine.Actor Name:BP_Floor_3x3_C_UAID_74563C6CFEFCD5A502_1674232227 Label:BP_Floor_3x5 SpatiallyLoaded:true EditorBounds:IsValid=true, Min=(X=640.000 Y=2190.000 Z=-10.000), Max=(X=940.000 Y=2490.000 Z=100.000) RuntimeBounds:IsValid=true, Min=(X=640.000 Y=2190.000 Z=-10.000), Max=(X=940.000 Y=2490.000 Z=100.000) RuntimeGrid:None EditorOnly:false RuntimeOnly:false HLODRelevant:true ListedInSceneOutliner:true IsMainWorldOnly:false
 |   |   |- Guid:1F34CA4C400C6819578C1B868AC569FE NativeClass:/Script/Engine.StaticMeshActor Name:StaticMeshActor_UAID_74563C6CFEFC91A502_1209328896 Label:SM_SkySphere2 SpatiallyLoaded:false EditorBounds:IsValid=true, Min=(X=-1638390.000 Y=-1637200.000 Z=-1638400.000), Max=(X=1638410.000 Y=1639600.000 Z=1638400.000) RuntimeBounds:IsValid=true, Min=(X=-1638390.000 Y=-1637200.000 Z=-1638400.000), Max=(X=1638410.000 Y=1639600.000 Z=1638400.000) RuntimeGrid:None EditorOnly:false RuntimeOnly:false HLODRelevant:false ListedInSceneOutliner:true IsMainWorldOnly:false FolderPath:Lighting FolderGuid:963EC3EB4002CCE9759E2EBA541A873A
 |   |   |- Guid:2A220D0B46DFDCA5984150A08BBC8A82 BaseClass:/Game/AI/BP_Enemy.BP_Enemy_C NativeClass:/Script/Engine.Character Name:BP_Enemy_C_UAID_74563C6CFEFC88A502_1395498671 Label:BP_Enemy SpatiallyLoaded:true EditorBounds:IsValid=true, Min=(X=1271.080 Y=1230.000 Z=-3.468), Max=(X=1560.000 Y=1443.273 Z=188.000) RuntimeBounds:IsValid=true, Min=(X=1271.080 Y=1274.748 Z=-3.468), Max=(X=1453.565 Y=1443.273 Z=188.000) RuntimeGrid:None EditorOnly:false RuntimeOnly:false HLODRelevant:false ListedInSceneOutliner:true IsMainWorldOnly:false
 |   |   |- Guid:2FB58999456391D349DC0F86DAC136ED NativeClass:/Script/Engine.SkyLight Name:SkyLight_1 Label:SkyLight SpatiallyLoaded:false EditorBounds:IsValid=true, Min=(X=-1.000 Y=-1.000 Z=-1.000), Max=(X=1.000 Y=1.000 Z=690.000) RuntimeBounds:IsValid=true, Min=(X=0.000 Y=0.000 Z=690.000), Max=(X=0.000 Y=0.000 Z=690.000) RuntimeGrid:None EditorOnly:false RuntimeOnly:false HLODRelevant:false ListedInSceneOutliner:true IsMainWorldOnly:false FolderPath:Lighting FolderGuid:963EC3EB4002CCE9759E2EBA541A873A
 |   |   |- Guid:316CF2A6494ACA4C0E4180A87D36AB8F NativeClass:/Script/Engine.ExponentialHeightFog Name:ExponentialHeightFog_0 Label:ExponentialHeightFog SpatiallyLoaded:false EditorBounds:IsValid=true, Min=(X=-5728.000 Y=-178.000 Z=-6978.000), Max=(X=-5472.000 Y=78.000 Z=-6722.000) RuntimeBounds:IsValid=true, Min=(X=-5600.000 Y=-50.000 Z=-6850.000), Max=(X=-5600.000 Y=-50.000 Z=-6850.000) RuntimeGrid:None EditorOnly:false RuntimeOnly:false HLODRelevant:false ListedInSceneOutliner:true IsMainWorldOnly:false FolderPath:Lighting FolderGuid:963EC3EB4002CCE9759E2EBA541A873A
 |   |   |- Guid:378E342047D296D2C67D0C93C778E40E NativeClass:/Script/NavigationSystem.RecastNavMesh Name:RecastNavMesh_UAID_74563C6CFEFCA8A502-Default Label:RecastNavMesh-Default SpatiallyLoaded:false EditorBounds:IsValid=true, Min=(X=0.000 Y=0.000 Z=0.000), Max=(X=0.000 Y=0.000 Z=0.000) RuntimeBounds:IsValid=true, Min=(X=0.000 Y=0.000 Z=0.000), Max=(X=0.000 Y=0.000 Z=0.000) RuntimeGrid:None EditorOnly:false RuntimeOnly:false HLODRelevant:false ListedInSceneOutliner:true IsMainWorldOnly:false
 |   |   |- Guid:3A00AA1C422CE54C0BDB60BAF471BFBB NativeClass:/Script/Engine.PlayerStart Name:PlayerStart_0 Label:PlayerStart SpatiallyLoaded:false EditorBounds:IsValid=true, Min=(X=772.000 Y=982.000 Z=-35.987), Max=(X=1140.000 Y=1238.000 Z=220.013) RuntimeBounds:IsValid=true, Min=(X=860.000 Y=1070.000 Z=0.013), Max=(X=940.000 Y=1150.000 Z=184.013) RuntimeGrid:None EditorOnly:false RuntimeOnly:false HLODRelevant:false ListedInSceneOutliner:true IsMainWorldOnly:false
 |   |   |- Guid:4439E63A404089A9476CB4A4E377C91F NativeClass:/Script/NavigationSystem.NavMeshBoundsVolume Name:NavMeshBoundsVolume_UAID_74563C6CFEFCA8A502_1800916306 Label:NavMeshBoundsVolume SpatiallyLoaded:false EditorBounds:IsValid=true, Min=(X=90.000 Y=50.000 Z=-2000.000), Max=(X=4090.000 Y=4050.000 Z=2000.000) RuntimeBounds:IsValid=true, Min=(X=90.000 Y=50.000 Z=-2000.000), Max=(X=4090.000 Y=4050.000 Z=2000.000) RuntimeGrid:None EditorOnly:false RuntimeOnly:false HLODRelevant:false ListedInSceneOutliner:true IsMainWorldOnly:false
 |   |   |- Guid:4D1B147445539E46114AB29D7C0B8DD5 BaseClass:/Game/ModularDungeon2/Blueprint/BP_Floor_3x3.BP_Floor_3x3_C NativeClass:/Script/Engine.Actor Name:BP_Floor_3x3_C_UAID_74563C6CFEFCD5A502_1734933233 Label:BP_Floor_3x11 SpatiallyLoaded:true EditorBounds:IsValid=true, Min=(X=1540.000 Y=2190.000 Z=-10.000), Max=(X=1840.000 Y=2490.000 Z=100.000) RuntimeBounds:IsValid=true, Min=(X=1540.000 Y=2190.000 Z=-10.000), Max=(X=1840.000 Y=2490.000 Z=100.000) RuntimeGrid:None EditorOnly:false RuntimeOnly:false HLODRelevant:true ListedInSceneOutliner:true IsMainWorldOnly:false
 |   |   |- Guid:4D3BE93F4146AAAC8BBE79999D96D57F NativeClass:/Script/Engine.VolumetricCloud Name:VolumetricCloud_0 Label:VolumetricCloud SpatiallyLoaded:false EditorBounds:IsValid=true, Min=(X=-128.000 Y=-128.000 Z=692.000), Max=(X=128.000 Y=128.000 Z=948.000) RuntimeBounds:IsValid=true, Min=(X=0.000 Y=0.000 Z=820.000), Max=(X=0.000 Y=0.000 Z=820.000) RuntimeGrid:None EditorOnly:false RuntimeOnly:false HLODRelevant:false ListedInSceneOutliner:true IsMainWorldOnly:false FolderPath:Lighting FolderGuid:963EC3EB4002CCE9759E2EBA541A873A
 |   |   |- Guid:548774C84E67D9E50E58A4AF7EC3CD84 BaseClass:/Game/ModularDungeon2/Blueprint/BP_Stair_Straight.BP_Stair_Straight_C NativeClass:/Script/Engine.Actor Name:BP_Stair_Straight_C_UAID_74563C6CFEFCD5A502_1623037224 Label:BP_Stair_Straight2 SpatiallyLoaded:true EditorBounds:IsValid=true, Min=(X=180.000 Y=2190.000 Z=-10.000), Max=(X=340.000 Y=2490.000 Z=100.000) RuntimeBounds:IsValid=true, Min=(X=180.000 Y=2190.000 Z=-10.000), Max=(X=340.000 Y=2490.000 Z=100.000) RuntimeGrid:None EditorOnly:false RuntimeOnly:false HLODRelevant:true ListedInSceneOutliner:true IsMainWorldOnly:false
 |   |   |- Guid:6027687A422CF9D1D2F83788313A2607 BaseClass:/Game/ModularDungeon2/Blueprint/BP_Floor_3x3.BP_Floor_3x3_C NativeClass:/Script/Engine.Actor Name:BP_Floor_3x3_C_UAID_74563C6CFEFCD5A502_1705239229 Label:BP_Floor_3x7 SpatiallyLoaded:true EditorBounds:IsValid=true, Min=(X=940.000 Y=2190.000 Z=-10.000), Max=(X=1240.000 Y=2490.000 Z=100.000) RuntimeBounds:IsValid=true, Min=(X=940.000 Y=2190.000 Z=-10.000), Max=(X=1240.000 Y=2490.000 Z=100.000) RuntimeGrid:None EditorOnly:false RuntimeOnly:false HLODRelevant:true ListedInSceneOutliner:true IsMainWorldOnly:false
 |   |   |- Guid:6BAF4DDD444C60371492D3919DB42C97 NativeClass:/Script/Engine.WorldDataLayers Name:WorldDataLayers Label:WorldDataLayers SpatiallyLoaded:false EditorBounds:IsValid=false, Min=(X=0.000 Y=0.000 Z=0.000), Max=(X=0.000 Y=0.000 Z=0.000) RuntimeBounds:IsValid=false, Min=(X=0.000 Y=0.000 Z=0.000), Max=(X=0.000 Y=0.000 Z=0.000) RuntimeGrid:None EditorOnly:false RuntimeOnly:false HLODRelevant:false ListedInSceneOutliner:true IsMainWorldOnly:true
 |   |   |- Guid:775067C643E666BBB9FE72B3D37EB8FA BaseClass:/Game/ModularDungeon2/Blueprint/BP_Floor_3x3.BP_Floor_3x3_C NativeClass:/Script/Engine.Actor Name:BP_Floor_3x3_C_UAID_74563C6CFEFCD5A502_1705250232 Label:BP_Floor_3x10 SpatiallyLoaded:true EditorBounds:IsValid=true, Min=(X=1240.000 Y=1890.000 Z=-10.000), Max=(X=1540.000 Y=2190.000 Z=100.000) RuntimeBounds:IsValid=true, Min=(X=1240.000 Y=1890.000 Z=-10.000), Max=(X=1540.000 Y=2190.000 Z=100.000) RuntimeGrid:None EditorOnly:false RuntimeOnly:false HLODRelevant:true ListedInSceneOutliner:true IsMainWorldOnly:false
 |   |   |- Guid:8C3F944E462DF3C7BA0202BDE85653F2 BaseClass:/Game/ModularDungeon2/Blueprint/BP_Floor_3x3.BP_Floor_3x3_C NativeClass:/Script/Engine.Actor Name:BP_Floor_3x3_C_UAID_74563C6CFEFCD5A502_1645072225 Label:BP_Floor_3x3 SpatiallyLoaded:true EditorBounds:IsValid=true, Min=(X=340.000 Y=2190.000 Z=-10.000), Max=(X=640.000 Y=2490.000 Z=100.000) RuntimeBounds:IsValid=true, Min=(X=340.000 Y=2190.000 Z=-10.000), Max=(X=640.000 Y=2490.000 Z=100.000) RuntimeGrid:None EditorOnly:false RuntimeOnly:false HLODRelevant:true ListedInSceneOutliner:true IsMainWorldOnly:false
 |   |   |- Guid:B3268A2F4E8FE3AE024E1B90BA085657 NativeClass:/Script/Engine.StaticMeshActor Name:StaticMeshActor_UAID_74563C6CFEFC91A502_1826402048 Label:Floor_400x400 SpatiallyLoaded:true EditorBounds:IsValid=true, Min=(X=0.000 Y=0.000 Z=-20.000), Max=(X=4000.000 Y=4000.000 Z=0.000) RuntimeBounds:IsValid=true, Min=(X=0.000 Y=0.000 Z=-20.000), Max=(X=4000.000 Y=4000.000 Z=0.000) RuntimeGrid:None EditorOnly:false RuntimeOnly:false HLODRelevant:true ListedInSceneOutliner:true IsMainWorldOnly:false
 |   |   |- Guid:B785ED2844B84CFB91E7F39FE661CD99 NativeClass:/Script/Engine.DirectionalLight Name:DirectionalLight_0 Label:DirectionalLight SpatiallyLoaded:false EditorBounds:IsValid=false, Min=(X=0.000 Y=0.000 Z=0.000), Max=(X=0.000 Y=0.000 Z=0.000) RuntimeBounds:IsValid=false, Min=(X=0.000 Y=0.000 Z=0.000), Max=(X=0.000 Y=0.000 Z=0.000) RuntimeGrid:None EditorOnly:false RuntimeOnly:false HLODRelevant:false ListedInSceneOutliner:true IsMainWorldOnly:false FolderPath:Lighting FolderGuid:963EC3EB4002CCE9759E2EBA541A873A
 |   |   |- Guid:CA7CBF164625F6024D65FE84BA3EEFB1 BaseClass:/Game/ModularDungeon2/Blueprint/BP_Floor_3x3.BP_Floor_3x3_C NativeClass:/Script/Engine.Actor Name:BP_Floor_3x3_C_UAID_74563C6CFEFCD5A502_1649351226 Label:BP_Floor_3x4 SpatiallyLoaded:true EditorBounds:IsValid=true, Min=(X=340.000 Y=1890.000 Z=-10.000), Max=(X=640.000 Y=2190.000 Z=100.000) RuntimeBounds:IsValid=true, Min=(X=340.000 Y=1890.000 Z=-10.000), Max=(X=640.000 Y=2190.000 Z=100.000) RuntimeGrid:None EditorOnly:false RuntimeOnly:false HLODRelevant:true ListedInSceneOutliner:true IsMainWorldOnly:false
 |   |   |- Guid:CCFF262C46EEFFDF319E7F9539CE697E NativeClass:/Script/Engine.SkyAtmosphere Name:SkyAtmosphere_0 Label:SkyAtmosphere SpatiallyLoaded:false EditorBounds:IsValid=true, Min=(X=-128.000 Y=-128.000 Z=892.000), Max=(X=240.000 Y=128.000 Z=1148.000) RuntimeBounds:IsValid=true, Min=(X=0.000 Y=0.000 Z=1020.000), Max=(X=0.000 Y=0.000 Z=1020.000) RuntimeGrid:None EditorOnly:false RuntimeOnly:false HLODRelevant:false ListedInSceneOutliner:true IsMainWorldOnly:false FolderPath:Lighting FolderGuid:963EC3EB4002CCE9759E2EBA541A873A
 |   |   |- Guid:DB6EECB2495F053A4F2E308C326B00B0 BaseClass:/Game/ModularDungeon2/Blueprint/BP_Floor_3x3.BP_Floor_3x3_C NativeClass:/Script/Engine.Actor Name:BP_Floor_3x3_C_UAID_74563C6CFEFCD5A502_1705247231 Label:BP_Floor_3x9 SpatiallyLoaded:true EditorBounds:IsValid=true, Min=(X=1240.000 Y=2190.000 Z=-10.000), Max=(X=1540.000 Y=2490.000 Z=100.000) RuntimeBounds:IsValid=true, Min=(X=1240.000 Y=2190.000 Z=-10.000), Max=(X=1540.000 Y=2490.000 Z=100.000) RuntimeGrid:None EditorOnly:false RuntimeOnly:false HLODRelevant:true ListedInSceneOutliner:true IsMainWorldOnly:false
 |   |   |- Guid:E855D6794C6CC1A449706D88532B8E4B BaseClass:/Game/ModularDungeon2/Blueprint/BP_Stair_Straight.BP_Stair_Straight_C NativeClass:/Script/Engine.Actor Name:BP_Stair_Straight_C_UAID_74563C6CFEFCD5A502_1614614223 Label:BP_Stair_Straight SpatiallyLoaded:true EditorBounds:IsValid=true, Min=(X=180.000 Y=1890.000 Z=-10.000), Max=(X=340.000 Y=2190.000 Z=100.000) RuntimeBounds:IsValid=true, Min=(X=180.000 Y=1890.000 Z=-10.000), Max=(X=340.000 Y=2190.000 Z=100.000) RuntimeGrid:None EditorOnly:false RuntimeOnly:false HLODRelevant:true ListedInSceneOutliner:true IsMainWorldOnly:false
 |   |   |- Guid:EA1A20764A09B4E848629782935DFA7F BaseClass:/Game/ModularDungeon2/Blueprint/BP_Floor_3x3.BP_Floor_3x3_C NativeClass:/Script/Engine.Actor Name:BP_Floor_3x3_C_UAID_74563C6CFEFCD5A502_1705244230 Label:BP_Floor_3x8 SpatiallyLoaded:true EditorBounds:IsValid=true, Min=(X=940.000 Y=1890.000 Z=-10.000), Max=(X=1240.000 Y=2190.000 Z=100.000) RuntimeBounds:IsValid=true, Min=(X=940.000 Y=1890.000 Z=-10.000), Max=(X=1240.000 Y=2190.000 Z=100.000) RuntimeGrid:None EditorOnly:false RuntimeOnly:false HLODRelevant:true ListedInSceneOutliner:true IsMainWorldOnly:false
 |   |   |- Guid:EC4E0C944CE6AC6E784BC6BB2916EA13 NativeClass:/Script/Engine.StaticMeshActor Name:StaticMeshActor_UAID_A4AE111137DC5EFB00_1110535423 Label:SM_SkySphere SpatiallyLoaded:false EditorBounds:IsValid=true, Min=(X=-1638390.000 Y=-1638400.000 Z=-1638400.000), Max=(X=1638410.000 Y=1638400.000 Z=1638400.000) RuntimeBounds:IsValid=true, Min=(X=-1638390.000 Y=-1638400.000 Z=-1638400.000), Max=(X=1638410.000 Y=1638400.000 Z=1638400.000) RuntimeGrid:None EditorOnly:false RuntimeOnly:false HLODRelevant:false ListedInSceneOutliner:true IsMainWorldOnly:false FolderPath:Lighting FolderGuid:963EC3EB4002CCE9759E2EBA541A873A
 |   |   |- Guid:F3A8D80842BAA44187F839938BB2088B BaseClass:/Game/ModularDungeon2/Blueprint/BP_Floor_3x3.BP_Floor_3x3_C NativeClass:/Script/Engine.Actor Name:BP_Floor_3x3_C_UAID_74563C6CFEFCD5A502_1734937234 Label:BP_Floor_3x12 SpatiallyLoaded:true EditorBounds:IsValid=true, Min=(X=1540.000 Y=1890.000 Z=-10.000), Max=(X=1840.000 Y=2190.000 Z=100.000) RuntimeBounds:IsValid=true, Min=(X=1540.000 Y=1890.000 Z=-10.000), Max=(X=1840.000 Y=2190.000 Z=100.000) RuntimeGrid:None EditorOnly:false RuntimeOnly:false HLODRelevant:true ListedInSceneOutliner:true IsMainWorldOnly:false
 |   |   |- Guid:F5E3FEB3450C49844FD93DA8E083C8AD NativeClass:/Script/Engine.PostProcessVolume Name:PostProcessVolume_0 Label:PostProcessVolume SpatiallyLoaded:false EditorBounds:IsValid=true, Min=(X=0.000 Y=0.000 Z=400.000), Max=(X=200.000 Y=200.000 Z=600.000) RuntimeBounds:IsValid=true, Min=(X=0.000 Y=0.000 Z=400.000), Max=(X=200.000 Y=200.000 Z=600.000) RuntimeGrid:None EditorOnly:false RuntimeOnly:false HLODRelevant:false ListedInSceneOutliner:true IsMainWorldOnly:false FolderPath:Lighting FolderGuid:963EC3EB4002CCE9759E2EBA541A873A
 |   |   |- Guid:F97AE2414084FE80E2147B8FFBE61CBC BaseClass:/Game/ModularDungeon2/Blueprint/BP_Floor_3x3.BP_Floor_3x3_C NativeClass:/Script/Engine.Actor Name:BP_Floor_3x3_C_UAID_74563C6CFEFCD5A502_1674236228 Label:BP_Floor_3x6 SpatiallyLoaded:true EditorBounds:IsValid=true, Min=(X=640.000 Y=1890.000 Z=-10.000), Max=(X=940.000 Y=2190.000 Z=100.000) RuntimeBounds:IsValid=true, Min=(X=640.000 Y=1890.000 Z=-10.000), Max=(X=940.000 Y=2190.000 Z=100.000) RuntimeGrid:None EditorOnly:false RuntimeOnly:false HLODRelevant:true ListedInSceneOutliner:true IsMainWorldOnly:false
 |   |- [+] Clusters:
 |   |   |- [+] [  0]
 |   |   |   |- Guid:01FF172C49AB326D4AD33488531FEF80 BaseClass:/Game/ModularDungeon2/Blueprint/BP_Floor_3x3.BP_Floor_3x3_C NativeClass:/Script/Engine.Actor Name:BP_Floor_3x3_C_UAID_74563C6CFEFCD5A502_1674232227 Label:BP_Floor_3x5 SpatiallyLoaded:true EditorBounds:IsValid=true, Min=(X=640.000 Y=2190.000 Z=-10.000), Max=(X=940.000 Y=2490.000 Z=100.000) RuntimeBounds:IsValid=true, Min=(X=640.000 Y=2190.000 Z=-10.000), Max=(X=940.000 Y=2490.000 Z=100.000) RuntimeGrid:None EditorOnly:false RuntimeOnly:false HLODRelevant:true ListedInSceneOutliner:true IsMainWorldOnly:false
 |   |   |- [+] [  1]
 |   |   |   |- Guid:1F34CA4C400C6819578C1B868AC569FE NativeClass:/Script/Engine.StaticMeshActor Name:StaticMeshActor_UAID_74563C6CFEFC91A502_1209328896 Label:SM_SkySphere2 SpatiallyLoaded:false EditorBounds:IsValid=true, Min=(X=-1638390.000 Y=-1637200.000 Z=-1638400.000), Max=(X=1638410.000 Y=1639600.000 Z=1638400.000) RuntimeBounds:IsValid=true, Min=(X=-1638390.000 Y=-1637200.000 Z=-1638400.000), Max=(X=1638410.000 Y=1639600.000 Z=1638400.000) RuntimeGrid:None EditorOnly:false RuntimeOnly:false HLODRelevant:false ListedInSceneOutliner:true IsMainWorldOnly:false FolderPath:Lighting FolderGuid:963EC3EB4002CCE9759E2EBA541A873A
 |   |   |- [+] [  2]
 |   |   |   |- Guid:2A220D0B46DFDCA5984150A08BBC8A82 BaseClass:/Game/AI/BP_Enemy.BP_Enemy_C NativeClass:/Script/Engine.Character Name:BP_Enemy_C_UAID_74563C6CFEFC88A502_1395498671 Label:BP_Enemy SpatiallyLoaded:true EditorBounds:IsValid=true, Min=(X=1271.080 Y=1230.000 Z=-3.468), Max=(X=1560.000 Y=1443.273 Z=188.000) RuntimeBounds:IsValid=true, Min=(X=1271.080 Y=1274.748 Z=-3.468), Max=(X=1453.565 Y=1443.273 Z=188.000) RuntimeGrid:None EditorOnly:false RuntimeOnly:false HLODRelevant:false ListedInSceneOutliner:true IsMainWorldOnly:false
 |   |   |- [+] [  3]
 |   |   |   |- Guid:2FB58999456391D349DC0F86DAC136ED NativeClass:/Script/Engine.SkyLight Name:SkyLight_1 Label:SkyLight SpatiallyLoaded:false EditorBounds:IsValid=true, Min=(X=-1.000 Y=-1.000 Z=-1.000), Max=(X=1.000 Y=1.000 Z=690.000) RuntimeBounds:IsValid=true, Min=(X=0.000 Y=0.000 Z=690.000), Max=(X=0.000 Y=0.000 Z=690.000) RuntimeGrid:None EditorOnly:false RuntimeOnly:false HLODRelevant:false ListedInSceneOutliner:true IsMainWorldOnly:false FolderPath:Lighting FolderGuid:963EC3EB4002CCE9759E2EBA541A873A
 |   |   |- [+] [  4]
 |   |   |   |- Guid:316CF2A6494ACA4C0E4180A87D36AB8F NativeClass:/Script/Engine.ExponentialHeightFog Name:ExponentialHeightFog_0 Label:ExponentialHeightFog SpatiallyLoaded:false EditorBounds:IsValid=true, Min=(X=-5728.000 Y=-178.000 Z=-6978.000), Max=(X=-5472.000 Y=78.000 Z=-6722.000) RuntimeBounds:IsValid=true, Min=(X=-5600.000 Y=-50.000 Z=-6850.000), Max=(X=-5600.000 Y=-50.000 Z=-6850.000) RuntimeGrid:None EditorOnly:false RuntimeOnly:false HLODRelevant:false ListedInSceneOutliner:true IsMainWorldOnly:false FolderPath:Lighting FolderGuid:963EC3EB4002CCE9759E2EBA541A873A
 |   |   |- [+] [  5]
 |   |   |   |- Guid:378E342047D296D2C67D0C93C778E40E NativeClass:/Script/NavigationSystem.RecastNavMesh Name:RecastNavMesh_UAID_74563C6CFEFCA8A502-Default Label:RecastNavMesh-Default SpatiallyLoaded:false EditorBounds:IsValid=true, Min=(X=0.000 Y=0.000 Z=0.000), Max=(X=0.000 Y=0.000 Z=0.000) RuntimeBounds:IsValid=true, Min=(X=0.000 Y=0.000 Z=0.000), Max=(X=0.000 Y=0.000 Z=0.000) RuntimeGrid:None EditorOnly:false RuntimeOnly:false HLODRelevant:false ListedInSceneOutliner:true IsMainWorldOnly:false
 |   |   |- [+] [  6]
 |   |   |   |- Guid:3A00AA1C422CE54C0BDB60BAF471BFBB NativeClass:/Script/Engine.PlayerStart Name:PlayerStart_0 Label:PlayerStart SpatiallyLoaded:false EditorBounds:IsValid=true, Min=(X=772.000 Y=982.000 Z=-35.987), Max=(X=1140.000 Y=1238.000 Z=220.013) RuntimeBounds:IsValid=true, Min=(X=860.000 Y=1070.000 Z=0.013), Max=(X=940.000 Y=1150.000 Z=184.013) RuntimeGrid:None EditorOnly:false RuntimeOnly:false HLODRelevant:false ListedInSceneOutliner:true IsMainWorldOnly:false
 |   |   |- [+] [  7]
 |   |   |   |- Guid:4439E63A404089A9476CB4A4E377C91F NativeClass:/Script/NavigationSystem.NavMeshBoundsVolume Name:NavMeshBoundsVolume_UAID_74563C6CFEFCA8A502_1800916306 Label:NavMeshBoundsVolume SpatiallyLoaded:false EditorBounds:IsValid=true, Min=(X=90.000 Y=50.000 Z=-2000.000), Max=(X=4090.000 Y=4050.000 Z=2000.000) RuntimeBounds:IsValid=true, Min=(X=90.000 Y=50.000 Z=-2000.000), Max=(X=4090.000 Y=4050.000 Z=2000.000) RuntimeGrid:None EditorOnly:false RuntimeOnly:false HLODRelevant:false ListedInSceneOutliner:true IsMainWorldOnly:false
 |   |   |- [+] [  8]
 |   |   |   |- Guid:4D1B147445539E46114AB29D7C0B8DD5 BaseClass:/Game/ModularDungeon2/Blueprint/BP_Floor_3x3.BP_Floor_3x3_C NativeClass:/Script/Engine.Actor Name:BP_Floor_3x3_C_UAID_74563C6CFEFCD5A502_1734933233 Label:BP_Floor_3x11 SpatiallyLoaded:true EditorBounds:IsValid=true, Min=(X=1540.000 Y=2190.000 Z=-10.000), Max=(X=1840.000 Y=2490.000 Z=100.000) RuntimeBounds:IsValid=true, Min=(X=1540.000 Y=2190.000 Z=-10.000), Max=(X=1840.000 Y=2490.000 Z=100.000) RuntimeGrid:None EditorOnly:false RuntimeOnly:false HLODRelevant:true ListedInSceneOutliner:true IsMainWorldOnly:false
 |   |   |- [+] [  9]
 |   |   |   |- Guid:4D3BE93F4146AAAC8BBE79999D96D57F NativeClass:/Script/Engine.VolumetricCloud Name:VolumetricCloud_0 Label:VolumetricCloud SpatiallyLoaded:false EditorBounds:IsValid=true, Min=(X=-128.000 Y=-128.000 Z=692.000), Max=(X=128.000 Y=128.000 Z=948.000) RuntimeBounds:IsValid=true, Min=(X=0.000 Y=0.000 Z=820.000), Max=(X=0.000 Y=0.000 Z=820.000) RuntimeGrid:None EditorOnly:false RuntimeOnly:false HLODRelevant:false ListedInSceneOutliner:true IsMainWorldOnly:false FolderPath:Lighting FolderGuid:963EC3EB4002CCE9759E2EBA541A873A
 |   |   |- [+] [ 10]
 |   |   |   |- Guid:548774C84E67D9E50E58A4AF7EC3CD84 BaseClass:/Game/ModularDungeon2/Blueprint/BP_Stair_Straight.BP_Stair_Straight_C NativeClass:/Script/Engine.Actor Name:BP_Stair_Straight_C_UAID_74563C6CFEFCD5A502_1623037224 Label:BP_Stair_Straight2 SpatiallyLoaded:true EditorBounds:IsValid=true, Min=(X=180.000 Y=2190.000 Z=-10.000), Max=(X=340.000 Y=2490.000 Z=100.000) RuntimeBounds:IsValid=true, Min=(X=180.000 Y=2190.000 Z=-10.000), Max=(X=340.000 Y=2490.000 Z=100.000) RuntimeGrid:None EditorOnly:false RuntimeOnly:false HLODRelevant:true ListedInSceneOutliner:true IsMainWorldOnly:false
 |   |   |- [+] [ 11]
 |   |   |   |- Guid:6027687A422CF9D1D2F83788313A2607 BaseClass:/Game/ModularDungeon2/Blueprint/BP_Floor_3x3.BP_Floor_3x3_C NativeClass:/Script/Engine.Actor Name:BP_Floor_3x3_C_UAID_74563C6CFEFCD5A502_1705239229 Label:BP_Floor_3x7 SpatiallyLoaded:true EditorBounds:IsValid=true, Min=(X=940.000 Y=2190.000 Z=-10.000), Max=(X=1240.000 Y=2490.000 Z=100.000) RuntimeBounds:IsValid=true, Min=(X=940.000 Y=2190.000 Z=-10.000), Max=(X=1240.000 Y=2490.000 Z=100.000) RuntimeGrid:None EditorOnly:false RuntimeOnly:false HLODRelevant:true ListedInSceneOutliner:true IsMainWorldOnly:false
 |   |   |- [+] [ 12]
 |   |   |   |- Guid:6BAF4DDD444C60371492D3919DB42C97 NativeClass:/Script/Engine.WorldDataLayers Name:WorldDataLayers Label:WorldDataLayers SpatiallyLoaded:false EditorBounds:IsValid=false, Min=(X=0.000 Y=0.000 Z=0.000), Max=(X=0.000 Y=0.000 Z=0.000) RuntimeBounds:IsValid=false, Min=(X=0.000 Y=0.000 Z=0.000), Max=(X=0.000 Y=0.000 Z=0.000) RuntimeGrid:None EditorOnly:false RuntimeOnly:false HLODRelevant:false ListedInSceneOutliner:true IsMainWorldOnly:true
 |   |   |- [+] [ 13]
 |   |   |   |- Guid:775067C643E666BBB9FE72B3D37EB8FA BaseClass:/Game/ModularDungeon2/Blueprint/BP_Floor_3x3.BP_Floor_3x3_C NativeClass:/Script/Engine.Actor Name:BP_Floor_3x3_C_UAID_74563C6CFEFCD5A502_1705250232 Label:BP_Floor_3x10 SpatiallyLoaded:true EditorBounds:IsValid=true, Min=(X=1240.000 Y=1890.000 Z=-10.000), Max=(X=1540.000 Y=2190.000 Z=100.000) RuntimeBounds:IsValid=true, Min=(X=1240.000 Y=1890.000 Z=-10.000), Max=(X=1540.000 Y=2190.000 Z=100.000) RuntimeGrid:None EditorOnly:false RuntimeOnly:false HLODRelevant:true ListedInSceneOutliner:true IsMainWorldOnly:false
 |   |   |- [+] [ 14]
 |   |   |   |- Guid:8C3F944E462DF3C7BA0202BDE85653F2 BaseClass:/Game/ModularDungeon2/Blueprint/BP_Floor_3x3.BP_Floor_3x3_C NativeClass:/Script/Engine.Actor Name:BP_Floor_3x3_C_UAID_74563C6CFEFCD5A502_1645072225 Label:BP_Floor_3x3 SpatiallyLoaded:true EditorBounds:IsValid=true, Min=(X=340.000 Y=2190.000 Z=-10.000), Max=(X=640.000 Y=2490.000 Z=100.000) RuntimeBounds:IsValid=true, Min=(X=340.000 Y=2190.000 Z=-10.000), Max=(X=640.000 Y=2490.000 Z=100.000) RuntimeGrid:None EditorOnly:false RuntimeOnly:false HLODRelevant:true ListedInSceneOutliner:true IsMainWorldOnly:false
 |   |   |- [+] [ 15]
 |   |   |   |- Guid:B3268A2F4E8FE3AE024E1B90BA085657 NativeClass:/Script/Engine.StaticMeshActor Name:StaticMeshActor_UAID_74563C6CFEFC91A502_1826402048 Label:Floor_400x400 SpatiallyLoaded:true EditorBounds:IsValid=true, Min=(X=0.000 Y=0.000 Z=-20.000), Max=(X=4000.000 Y=4000.000 Z=0.000) RuntimeBounds:IsValid=true, Min=(X=0.000 Y=0.000 Z=-20.000), Max=(X=4000.000 Y=4000.000 Z=0.000) RuntimeGrid:None EditorOnly:false RuntimeOnly:false HLODRelevant:true ListedInSceneOutliner:true IsMainWorldOnly:false
 |   |   |- [+] [ 16]
 |   |   |   |- Guid:B785ED2844B84CFB91E7F39FE661CD99 NativeClass:/Script/Engine.DirectionalLight Name:DirectionalLight_0 Label:DirectionalLight SpatiallyLoaded:false EditorBounds:IsValid=false, Min=(X=0.000 Y=0.000 Z=0.000), Max=(X=0.000 Y=0.000 Z=0.000) RuntimeBounds:IsValid=false, Min=(X=0.000 Y=0.000 Z=0.000), Max=(X=0.000 Y=0.000 Z=0.000) RuntimeGrid:None EditorOnly:false RuntimeOnly:false HLODRelevant:false ListedInSceneOutliner:true IsMainWorldOnly:false FolderPath:Lighting FolderGuid:963EC3EB4002CCE9759E2EBA541A873A
 |   |   |- [+] [ 17]
 |   |   |   |- Guid:CA7CBF164625F6024D65FE84BA3EEFB1 BaseClass:/Game/ModularDungeon2/Blueprint/BP_Floor_3x3.BP_Floor_3x3_C NativeClass:/Script/Engine.Actor Name:BP_Floor_3x3_C_UAID_74563C6CFEFCD5A502_1649351226 Label:BP_Floor_3x4 SpatiallyLoaded:true EditorBounds:IsValid=true, Min=(X=340.000 Y=1890.000 Z=-10.000), Max=(X=640.000 Y=2190.000 Z=100.000) RuntimeBounds:IsValid=true, Min=(X=340.000 Y=1890.000 Z=-10.000), Max=(X=640.000 Y=2190.000 Z=100.000) RuntimeGrid:None EditorOnly:false RuntimeOnly:false HLODRelevant:true ListedInSceneOutliner:true IsMainWorldOnly:false
 |   |   |- [+] [ 18]
 |   |   |   |- Guid:CCFF262C46EEFFDF319E7F9539CE697E NativeClass:/Script/Engine.SkyAtmosphere Name:SkyAtmosphere_0 Label:SkyAtmosphere SpatiallyLoaded:false EditorBounds:IsValid=true, Min=(X=-128.000 Y=-128.000 Z=892.000), Max=(X=240.000 Y=128.000 Z=1148.000) RuntimeBounds:IsValid=true, Min=(X=0.000 Y=0.000 Z=1020.000), Max=(X=0.000 Y=0.000 Z=1020.000) RuntimeGrid:None EditorOnly:false RuntimeOnly:false HLODRelevant:false ListedInSceneOutliner:true IsMainWorldOnly:false FolderPath:Lighting FolderGuid:963EC3EB4002CCE9759E2EBA541A873A
 |   |   |- [+] [ 19]
 |   |   |   |- Guid:DB6EECB2495F053A4F2E308C326B00B0 BaseClass:/Game/ModularDungeon2/Blueprint/BP_Floor_3x3.BP_Floor_3x3_C NativeClass:/Script/Engine.Actor Name:BP_Floor_3x3_C_UAID_74563C6CFEFCD5A502_1705247231 Label:BP_Floor_3x9 SpatiallyLoaded:true EditorBounds:IsValid=true, Min=(X=1240.000 Y=2190.000 Z=-10.000), Max=(X=1540.000 Y=2490.000 Z=100.000) RuntimeBounds:IsValid=true, Min=(X=1240.000 Y=2190.000 Z=-10.000), Max=(X=1540.000 Y=2490.000 Z=100.000) RuntimeGrid:None EditorOnly:false RuntimeOnly:false HLODRelevant:true ListedInSceneOutliner:true IsMainWorldOnly:false
 |   |   |- [+] [ 20]
 |   |   |   |- Guid:E855D6794C6CC1A449706D88532B8E4B BaseClass:/Game/ModularDungeon2/Blueprint/BP_Stair_Straight.BP_Stair_Straight_C NativeClass:/Script/Engine.Actor Name:BP_Stair_Straight_C_UAID_74563C6CFEFCD5A502_1614614223 Label:BP_Stair_Straight SpatiallyLoaded:true EditorBounds:IsValid=true, Min=(X=180.000 Y=1890.000 Z=-10.000), Max=(X=340.000 Y=2190.000 Z=100.000) RuntimeBounds:IsValid=true, Min=(X=180.000 Y=1890.000 Z=-10.000), Max=(X=340.000 Y=2190.000 Z=100.000) RuntimeGrid:None EditorOnly:false RuntimeOnly:false HLODRelevant:true ListedInSceneOutliner:true IsMainWorldOnly:false
 |   |   |- [+] [ 21]
 |   |   |   |- Guid:EA1A20764A09B4E848629782935DFA7F BaseClass:/Game/ModularDungeon2/Blueprint/BP_Floor_3x3.BP_Floor_3x3_C NativeClass:/Script/Engine.Actor Name:BP_Floor_3x3_C_UAID_74563C6CFEFCD5A502_1705244230 Label:BP_Floor_3x8 SpatiallyLoaded:true EditorBounds:IsValid=true, Min=(X=940.000 Y=1890.000 Z=-10.000), Max=(X=1240.000 Y=2190.000 Z=100.000) RuntimeBounds:IsValid=true, Min=(X=940.000 Y=1890.000 Z=-10.000), Max=(X=1240.000 Y=2190.000 Z=100.000) RuntimeGrid:None EditorOnly:false RuntimeOnly:false HLODRelevant:true ListedInSceneOutliner:true IsMainWorldOnly:false
 |   |   |- [+] [ 22]
 |   |   |   |- Guid:EC4E0C944CE6AC6E784BC6BB2916EA13 NativeClass:/Script/Engine.StaticMeshActor Name:StaticMeshActor_UAID_A4AE111137DC5EFB00_1110535423 Label:SM_SkySphere SpatiallyLoaded:false EditorBounds:IsValid=true, Min=(X=-1638390.000 Y=-1638400.000 Z=-1638400.000), Max=(X=1638410.000 Y=1638400.000 Z=1638400.000) RuntimeBounds:IsValid=true, Min=(X=-1638390.000 Y=-1638400.000 Z=-1638400.000), Max=(X=1638410.000 Y=1638400.000 Z=1638400.000) RuntimeGrid:None EditorOnly:false RuntimeOnly:false HLODRelevant:false ListedInSceneOutliner:true IsMainWorldOnly:false FolderPath:Lighting FolderGuid:963EC3EB4002CCE9759E2EBA541A873A
 |   |   |- [+] [ 23]
 |   |   |   |- Guid:F3A8D80842BAA44187F839938BB2088B BaseClass:/Game/ModularDungeon2/Blueprint/BP_Floor_3x3.BP_Floor_3x3_C NativeClass:/Script/Engine.Actor Name:BP_Floor_3x3_C_UAID_74563C6CFEFCD5A502_1734937234 Label:BP_Floor_3x12 SpatiallyLoaded:true EditorBounds:IsValid=true, Min=(X=1540.000 Y=1890.000 Z=-10.000), Max=(X=1840.000 Y=2190.000 Z=100.000) RuntimeBounds:IsValid=true, Min=(X=1540.000 Y=1890.000 Z=-10.000), Max=(X=1840.000 Y=2190.000 Z=100.000) RuntimeGrid:None EditorOnly:false RuntimeOnly:false HLODRelevant:true ListedInSceneOutliner:true IsMainWorldOnly:false
 |   |   |- [+] [ 24]
 |   |   |   |- Guid:F5E3FEB3450C49844FD93DA8E083C8AD NativeClass:/Script/Engine.PostProcessVolume Name:PostProcessVolume_0 Label:PostProcessVolume SpatiallyLoaded:false EditorBounds:IsValid=true, Min=(X=0.000 Y=0.000 Z=400.000), Max=(X=200.000 Y=200.000 Z=600.000) RuntimeBounds:IsValid=true, Min=(X=0.000 Y=0.000 Z=400.000), Max=(X=200.000 Y=200.000 Z=600.000) RuntimeGrid:None EditorOnly:false RuntimeOnly:false HLODRelevant:false ListedInSceneOutliner:true IsMainWorldOnly:false FolderPath:Lighting FolderGuid:963EC3EB4002CCE9759E2EBA541A873A
 |   |   |- [+] [ 25]
 |   |   |   |- Guid:F97AE2414084FE80E2147B8FFBE61CBC BaseClass:/Game/ModularDungeon2/Blueprint/BP_Floor_3x3.BP_Floor_3x3_C NativeClass:/Script/Engine.Actor Name:BP_Floor_3x3_C_UAID_74563C6CFEFCD5A502_1674236228 Label:BP_Floor_3x6 SpatiallyLoaded:true EditorBounds:IsValid=true, Min=(X=640.000 Y=1890.000 Z=-10.000), Max=(X=940.000 Y=2190.000 Z=100.000) RuntimeBounds:IsValid=true, Min=(X=640.000 Y=1890.000 Z=-10.000), Max=(X=940.000 Y=2190.000 Z=100.000) RuntimeGrid:None EditorOnly:false RuntimeOnly:false HLODRelevant:true ListedInSceneOutliner:true IsMainWorldOnly:false
 |- ContainerInstances:
 |- [+] MainContainer:
 |   |-        ID: 00000000000000000000000000000000
 |   |-  ParentID: 00000000000000000000000000000000
 |   |-    Bounds: IsValid=false, Min=(X=0.000 Y=0.000 Z=0.000), Max=(X=0.000 Y=0.000 Z=0.000)
 |   |- Transform: 0.000000,0.000000,0.000000|0.000000,0.000000,-0.000000|1.000000,1.000000,1.000000
 |   |- Container: /Game/Maps/ThirdPersonMap
----------------------------------------------------------------------------------------------------------------
ThirdPersonMap - Persistent Level
----------------------------------------------------------------------------------------------------------------
[+] Content of ThirdPersonMap Persistent Level
 |- Always loaded Actor Count: 26 
 |- Actor Path: /Game/Maps/ThirdPersonMap.ThirdPersonMap:PersistentLevel.BP_Enemy_C_UAID_74563C6CFEFC88A502_1395498671
 |- Actor Package: /Game/__ExternalActors__/Maps/ThirdPersonMap/5/I1/YP7EIOO6MX8LTHV75NH85K
 |- Actor Path: /Game/Maps/ThirdPersonMap.ThirdPersonMap:PersistentLevel.BP_Floor_3x3_C_UAID_74563C6CFEFCD5A502_1645072225
 |- Actor Package: /Game/__ExternalActors__/Maps/ThirdPersonMap/B/JO/4VIWVEIOVI14G5C4PN9HS0
 |- Actor Path: /Game/Maps/ThirdPersonMap.ThirdPersonMap:PersistentLevel.BP_Floor_3x3_C_UAID_74563C6CFEFCD5A502_1649351226
 |- Actor Package: /Game/__ExternalActors__/Maps/ThirdPersonMap/D/Z8/BDXCDSC1OA5IA4LT3JB3CO
 |- Actor Path: /Game/Maps/ThirdPersonMap.ThirdPersonMap:PersistentLevel.BP_Floor_3x3_C_UAID_74563C6CFEFCD5A502_1674232227
 |- Actor Package: /Game/__ExternalActors__/Maps/ThirdPersonMap/D/TU/QMDL5JBKX27E7RYRKIN95C
 |- Actor Path: /Game/Maps/ThirdPersonMap.ThirdPersonMap:PersistentLevel.BP_Floor_3x3_C_UAID_74563C6CFEFCD5A502_1674236228
 |- Actor Package: /Game/__ExternalActors__/Maps/ThirdPersonMap/0/T6/3D5L1DIIDXAALVGM0EF11N
 |- Actor Path: /Game/Maps/ThirdPersonMap.ThirdPersonMap:PersistentLevel.BP_Floor_3x3_C_UAID_74563C6CFEFCD5A502_1705239229
 |- Actor Package: /Game/__ExternalActors__/Maps/ThirdPersonMap/8/ZD/3S6QLWJ2I8CP275IX49FLF
 |- Actor Path: /Game/Maps/ThirdPersonMap.ThirdPersonMap:PersistentLevel.BP_Floor_3x3_C_UAID_74563C6CFEFCD5A502_1705244230
 |- Actor Package: /Game/__ExternalActors__/Maps/ThirdPersonMap/3/1M/4NV254VMZICM9CJ29HMG0F
 |- Actor Path: /Game/Maps/ThirdPersonMap.ThirdPersonMap:PersistentLevel.BP_Floor_3x3_C_UAID_74563C6CFEFCD5A502_1705247231
 |- Actor Package: /Game/__ExternalActors__/Maps/ThirdPersonMap/5/4Y/ZVD73JR6BSF6S9V88BGGIM
 |- Actor Path: /Game/Maps/ThirdPersonMap.ThirdPersonMap:PersistentLevel.BP_Floor_3x3_C_UAID_74563C6CFEFCD5A502_1705250232
 |- Actor Package: /Game/__ExternalActors__/Maps/ThirdPersonMap/D/XI/UKSR3QADLDQOOLIPHGSN22
 |- Actor Path: /Game/Maps/ThirdPersonMap.ThirdPersonMap:PersistentLevel.BP_Floor_3x3_C_UAID_74563C6CFEFCD5A502_1734933233
 |- Actor Package: /Game/__ExternalActors__/Maps/ThirdPersonMap/5/HA/VNKWO8NXGUT63ORD0BXMIJ
 |- Actor Path: /Game/Maps/ThirdPersonMap.ThirdPersonMap:PersistentLevel.BP_Floor_3x3_C_UAID_74563C6CFEFCD5A502_1734937234
 |- Actor Package: /Game/__ExternalActors__/Maps/ThirdPersonMap/4/S7/GDH0ELN25VBTOSVGAZLE3G
 |- Actor Path: /Game/Maps/ThirdPersonMap.ThirdPersonMap:PersistentLevel.BP_Stair_Straight_C_UAID_74563C6CFEFCD5A502_1614614223
 |- Actor Package: /Game/__ExternalActors__/Maps/ThirdPersonMap/3/D4/TXNPUOF8RA4FACR3CU6AEV
 |- Actor Path: /Game/Maps/ThirdPersonMap.ThirdPersonMap:PersistentLevel.BP_Stair_Straight_C_UAID_74563C6CFEFCD5A502_1623037224
 |- Actor Package: /Game/__ExternalActors__/Maps/ThirdPersonMap/3/74/LXNHG7RCZYBFYDZ1JIV2MS
 |- Actor Path: /Game/Maps/ThirdPersonMap.ThirdPersonMap:PersistentLevel.DirectionalLight_0
 |- Actor Package: /Game/__ExternalActors__/Maps/ThirdPersonMap/C/IZ/F47RIT6PBRGD3VFHIO4PVP
 |- Actor Path: /Game/Maps/ThirdPersonMap.ThirdPersonMap:PersistentLevel.ExponentialHeightFog_0
 |- Actor Package: /Game/__ExternalActors__/Maps/ThirdPersonMap/D/70/VEM240MOJXJJ7YV9QJXKEA
 |- Actor Path: /Game/Maps/ThirdPersonMap.ThirdPersonMap:PersistentLevel.NavMeshBoundsVolume_UAID_74563C6CFEFCA8A502_1800916306
 |- Actor Package: /Game/__ExternalActors__/Maps/ThirdPersonMap/4/9E/Z0TYJTJJHEA38PK75WZYVX
 |- Actor Path: /Game/Maps/ThirdPersonMap.ThirdPersonMap:PersistentLevel.PlayerStart_0
 |- Actor Package: /Game/__ExternalActors__/Maps/ThirdPersonMap/0/9Z/OBHQTF8IORVT433VKL992W
 |- Actor Path: /Game/Maps/ThirdPersonMap.ThirdPersonMap:PersistentLevel.PostProcessVolume_0
 |- Actor Package: /Game/__ExternalActors__/Maps/ThirdPersonMap/4/VI/PDXA9Q02LMQ2U8KWXCKWUI
 |- Actor Path: /Game/Maps/ThirdPersonMap.ThirdPersonMap:PersistentLevel.RecastNavMesh_UAID_74563C6CFEFCA8A502-Default
 |- Actor Package: /Game/__ExternalActors__/Maps/ThirdPersonMap/A/6I/ZBDTZ3JXM865E6B4NOYJRG
 |- Actor Path: /Game/Maps/ThirdPersonMap.ThirdPersonMap:PersistentLevel.SkyAtmosphere_0
 |- Actor Package: /Game/__ExternalActors__/Maps/ThirdPersonMap/C/QS/6I0TQQKGM2S7FVOKOWFBTW
 |- Actor Path: /Game/Maps/ThirdPersonMap.ThirdPersonMap:PersistentLevel.SkyLight_1
 |- Actor Package: /Game/__ExternalActors__/Maps/ThirdPersonMap/8/6M/OV8P6XY6MYN8XDC227RW7Q
 |- Actor Path: /Game/Maps/ThirdPersonMap.ThirdPersonMap:PersistentLevel.StaticMeshActor_UAID_74563C6CFEFC91A502_1209328896
 |- Actor Package: /Game/__ExternalActors__/Maps/ThirdPersonMap/4/WL/J15YFCQXRTOXD1YGP41BA4
 |- Actor Path: /Game/Maps/ThirdPersonMap.ThirdPersonMap:PersistentLevel.StaticMeshActor_UAID_74563C6CFEFC91A502_1826402048
 |- Actor Package: /Game/__ExternalActors__/Maps/ThirdPersonMap/A/YR/5IWA9MKQ46NGUEX9OZ2VS5
 |- Actor Path: /Game/Maps/ThirdPersonMap.ThirdPersonMap:PersistentLevel.StaticMeshActor_UAID_A4AE111137DC5EFB00_1110535423
 |- Actor Package: /Game/__ExternalActors__/Maps/ThirdPersonMap/3/27/KYAQ7LV9GK2CHZ4R38QLDV
 |- Actor Path: /Game/Maps/ThirdPersonMap.ThirdPersonMap:PersistentLevel.VolumetricCloud_0
 |- Actor Package: /Game/__ExternalActors__/Maps/ThirdPersonMap/5/M0/H1MB1V7RGMSV5BTJFZDX3K
 |- Actor Path: /Game/Maps/ThirdPersonMap.ThirdPersonMap:PersistentLevel.WorldDataLayers
 |- Actor Package: /Game/__ExternalActors__/Maps/ThirdPersonMap/3/UD/BB4MDNTU359RPOEOB0K97W

----------------------------------------------------------------------------------------------------------------
ThirdPersonMap - Runtime Hash Set
----------------------------------------------------------------------------------------------------------------

